1608229075618:d
1608229080470:name
1608229087759:vasa
1608229098719:name vasa
1608229154042:surname ololosh
1608229161663:test
1608229179240:start
1608229344131:test
1608229347640:start
1608229360649:name rrr
1608229367176:surname eeee
1608229370415:test
1608229594058:name d
1608229598761:surname r
1608229601257:test
1608230055514:name s
1608230059904:surname s
1608230062863:test
1608230212656:stacktrace
1608230872515:name d
1608230877543:surname d
1608230880623:test
1608230982026:name d
1608230993560:surname fg
1608230997119:test
1608231042498:name d
1608231049513:surname d
1608231053351:test
1608231094804:name d
1608231099824:surname r
1608231139432:test
1608231374235:name r
1608231379584:surname f
1608231382159:test
1608232151186:name r
1608232156368:surname f
1608232158551:test
1608232404081:f
1608232406608:test
1608232412368:name r
1608232415951:surname f
1608232419046:test
1608232613011:name d
1608232617903:surname g
1608232620535:test
1608233129337:name d
1608233134696:surname r
1608233138471:test
1608233188074:name d
1608233194255:surname d
1608233196719:test
1608233867951:тфьу
1608233871616:name f
1608233876527:surname g
1608233879447:test
1608233894878:name
1608233899222:test
1608389807953:name f
1608389819148:d
1608389822877:name f
1608389833653:sureneme g
1608389925680:name f
1608390613028:name
1608391001232:test
